[debug] [2020-12-25T16:34:59.091Z] ----------------------------------------------------------------------
[debug] [2020-12-25T16:34:59.093Z] Command:       C:\Program Files\nodejs\node.exe C:\Users\hp\AppData\Roaming\npm\node_modules\firebase-tools\lib\bin\firebase.js init
[debug] [2020-12-25T16:34:59.093Z] CLI Version:   9.1.0
[debug] [2020-12-25T16:34:59.093Z] Platform:      win32
[debug] [2020-12-25T16:34:59.093Z] Node Version:  v12.18.0
[debug] [2020-12-25T16:34:59.094Z] Time:          Fri Dec 25 2020 22:04:59 GMT+0530 (India Standard Time)
[debug] [2020-12-25T16:34:59.095Z] ----------------------------------------------------------------------
[debug] [2020-12-25T16:34:59.095Z] 
[debug] [2020-12-25T16:34:59.102Z] > command requires scopes: ["email","openid","https://www.googleapis.com/auth/cloudplatformprojects.readonly","https://www.googleapis.com/auth/firebase","https://www.googleapis.com/auth/cloud-platform"]
[debug] [2020-12-25T16:34:59.102Z] > authorizing via signed-in user
[info] 
     ######## #### ########  ######## ########     ###     ######  ########
     ##        ##  ##     ## ##       ##     ##  ##   ##  ##       ##
     ######    ##  ########  ######   ########  #########  ######  ######
     ##        ##  ##    ##  ##       ##     ## ##     ##       ## ##
     ##       #### ##     ## ######## ########  ##     ##  ######  ########

You're about to initialize a Firebase project in this directory:

  G:\Kafene-inventory-managment

[info] 
=== Project Setup
[info] 
[info] First, let's associate this project directory with a Firebase project.
[info] You can create multiple project aliases by running firebase use --add, 
[info] but for now we'll just set up a default project.
[info] 
[debug] [2020-12-25T16:35:06.220Z] >>> HTTP REQUEST GET https://firebase.googleapis.com/v1beta1/projects?pageSize=100  
 
[debug] [2020-12-25T16:35:07.835Z] <<< HTTP RESPONSE 200 {"content-type":"application/json; charset=UTF-8","vary":"X-Origin, Referer, Origin,Accept-Encoding","date":"Fri, 25 Dec 2020 16:35:07 GMT","server":"ESF","cache-control":"private","x-xss-protection":"0","x-frame-options":"SAMEORIGIN","x-content-type-options":"nosniff","alt-svc":"h3-29=\":443\"; ma=2592000,h3-T051=\":443\"; ma=2592000,h3-Q050=\":443\"; ma=2592000,h3-Q046=\":443\"; ma=2592000,h3-Q043=\":443\"; ma=2592000,quic=\":443\"; ma=2592000; v=\"46,43\"","accept-ranges":"none","transfer-encoding":"chunked"}
[info] i  Using project inventory-management-1e631 (Inventory Management) 
[info] 
=== Database Setup
[info] i  database: ensuring required API firebasedatabase.googleapis.com is enabled... 
[debug] [2020-12-25T16:35:10.959Z] >>> HTTP REQUEST GET https://serviceusage.googleapis.com/v1/projects/inventory-management-1e631/services/firebasedatabase.googleapis.com  
 
[debug] [2020-12-25T16:35:13.684Z] <<< HTTP RESPONSE 200 {"content-type":"application/json; charset=UTF-8","vary":"X-Origin, Referer, Origin,Accept-Encoding","date":"Fri, 25 Dec 2020 16:35:13 GMT","server":"ESF","cache-control":"private","x-xss-protection":"0","x-frame-options":"SAMEORIGIN","x-content-type-options":"nosniff","alt-svc":"h3-29=\":443\"; ma=2592000,h3-T051=\":443\"; ma=2592000,h3-Q050=\":443\"; ma=2592000,h3-Q046=\":443\"; ma=2592000,h3-Q043=\":443\"; ma=2592000,quic=\":443\"; ma=2592000; v=\"46,43\"","accept-ranges":"none","transfer-encoding":"chunked"}
[info] +  database: required API firebasedatabase.googleapis.com is enabled 
[info] 
[debug] [2020-12-25T16:35:13.685Z] >>> HTTP REQUEST GET https://firebasedatabase.googleapis.com/v1beta/projects/inventory-management-1e631/locations/-/instances/inventory-management-1e631-default-rtdb  
 
[debug] [2020-12-25T16:35:14.911Z] <<< HTTP RESPONSE 200 {"content-type":"application/json; charset=UTF-8","vary":"X-Origin, Referer, Origin,Accept-Encoding","date":"Fri, 25 Dec 2020 16:35:14 GMT","server":"ESF","cache-control":"private","x-xss-protection":"0","x-frame-options":"SAMEORIGIN","x-content-type-options":"nosniff","alt-svc":"h3-29=\":443\"; ma=2592000,h3-T051=\":443\"; ma=2592000,h3-Q050=\":443\"; ma=2592000,h3-Q046=\":443\"; ma=2592000,h3-Q043=\":443\"; ma=2592000,quic=\":443\"; ma=2592000; v=\"46,43\"","accept-ranges":"none","transfer-encoding":"chunked"}
[info] 
[info] Firebase Realtime Database Security Rules allow you to define how your data should be
[info] structured and when your data can be read from and written to.
[info] 
[debug] [2020-12-25T16:35:23.872Z] >>> HTTP REQUEST GET https://inventory-management-1e631-default-rtdb.firebaseio.com/.settings/rules.json  
 
[debug] [2020-12-25T16:35:25.677Z] <<< HTTP RESPONSE 200 {"server":"nginx","date":"Fri, 25 Dec 2020 16:35:25 GMT","content-type":"application/json; charset=utf-8","content-length":"161","connection":"keep-alive","access-control-allow-origin":"*","cache-control":"no-cache","strict-transport-security":"max-age=31556926; includeSubDomains; preload"}
[info] +  Database Rules for inventory-management-1e631-default-rtdb have been written to database.rules.json. 
[info] Future modifications to database.rules.json will update Realtime Database Security Rules when you run
[info] firebase deploy.
[info] 
=== Hosting Setup
[info] 
[info] Your public directory is the folder (relative to your project directory) that
[info] will contain Hosting assets to be uploaded with firebase deploy. If you
[info] have a build process for your assets, use your build's output directory.
[info] 
[debug] [2020-12-25T16:35:36.215Z] >>> [apiv2][query] GET https://www.gstatic.com/firebasejs/releases.json [none]
[debug] [2020-12-25T16:35:37.160Z] <<< [apiv2][status] GET https://www.gstatic.com/firebasejs/releases.json 200
[debug] [2020-12-25T16:35:37.161Z] <<< [apiv2][body] GET https://www.gstatic.com/firebasejs/releases.json {"current":{"version":"8.2.1","browserURL":"https://www.gstatic.com/firebasejs/8.2.1/firebase.js","packageURL":"https://www.gstatic.com/firebasejs/8.2.1/firebase.tgz"},"live":{"version":"8.2","browserURL":"https://www.gstatic.com/firebasejs/live/8.2/firebase.js","packageURL":"https://www.gstatic.com/firebasejs/live/8.2/firebase.tgz"},"components":{"analytics":"https://www.gstatic.com/firebasejs/8.2.1/firebase-analytics.js","app":"https://www.gstatic.com/firebasejs/8.2.1/firebase-app.js","auth":"https://www.gstatic.com/firebasejs/8.2.1/firebase-auth.js","database":"https://www.gstatic.com/firebasejs/8.2.1/firebase-database.js","firestore":"https://www.gstatic.com/firebasejs/8.2.1/firebase-firestore.js","functions":"https://www.gstatic.com/firebasejs/8.2.1/firebase-functions.js","installations":"https://www.gstatic.com/firebasejs/8.2.1/firebase-installations.js","messaging":"https://www.gstatic.com/firebasejs/8.2.1/firebase-messaging.js","storage":"https://www.gstatic.com/firebasejs/8.2.1/firebase-storage.js","performance":"https://www.gstatic.com/firebasejs/8.2.1/firebase-performance.js","remote-config":"https://www.gstatic.com/firebasejs/8.2.1/firebase-remote-config.js","firestore.memory":"https://www.gstatic.com/firebasejs/8.2.1/firebase-firestore.memory.js"}}
[info] +  Wrote public/index.html 
[info] 
[info] i  Detected a .git folder at G:\Kafene-inventory-managment 
[info] i  Authorizing with GitHub to upload your service account to a GitHub repository's secrets store. 
[info] 
[info] Visit this URL on this device to log in:
[info] https://github.com/login/oauth/authorize?client_id=89cf50f02ac6aaed3484&state=10059629&redirect_uri=http%3A%2F%2Flocalhost%3A9005&scope=read%3Auser%20repo%20public_repo
[info] 
[info] Waiting for authentication...
[debug] [2020-12-25T16:35:52.265Z] >>> HTTP REQUEST POST https://github.com/login/oauth/access_token  
 {"client_id":"89cf50f02ac6aaed3484","client_secret":"3330d14abc895d9a74d5f17cd7a00711fa2c5bf0","code":"e49c094be8bb6d3a4a18","redirect_uri":"http://localhost:9005","state":"10059629"}
[debug] [2020-12-25T16:35:53.603Z] <<< HTTP RESPONSE 200 {"date":"Fri, 25 Dec 2020 16:35:53 GMT","content-type":"application/json; charset=utf-8","transfer-encoding":"chunked","server":"GitHub.com","status":"200 OK","vary":"X-PJAX, Accept-Encoding, Accept, X-Requested-With, Accept-Encoding","etag":"W/\"295932b83f7f8cc65e151e6b05b837fc\"","cache-control":"max-age=0, private, must-revalidate","strict-transport-security":"max-age=31536000; includeSubdomains; preload","x-frame-options":"deny","x-content-type-options":"nosniff","x-xss-protection":"1; mode=block","referrer-policy":"origin-when-cross-origin, strict-origin-when-cross-origin","expect-ct":"max-age=2592000, report-uri=\"https://api.github.com/_private/browser/errors\"","content-security-policy":"default-src 'none'; base-uri 'self'; block-all-mixed-content; connect-src 'self' uploads.github.com www.githubstatus.com collector.githubapp.com api.github.com github-cloud.s3.amazonaws.com github-production-repository-file-5c1aeb.s3.amazonaws.com github-production-upload-manifest-file-7fdce7.s3.amazonaws.com github-production-user-asset-6210df.s3.amazonaws.com cdn.optimizely.com logx.optimizely.com/v1/events wss://alive.github.com; font-src github.githubassets.com; form-action 'self' github.com gist.github.com; frame-ancestors 'none'; frame-src render.githubusercontent.com; img-src 'self' data: github.githubassets.com identicons.github.com collector.githubapp.com github-cloud.s3.amazonaws.com *.githubusercontent.com; manifest-src 'self'; media-src 'none'; script-src github.githubassets.com; style-src 'unsafe-inline' github.githubassets.com; worker-src github.com/socket-worker-5029ae85.js gist.github.com/socket-worker-5029ae85.js","x-github-request-id":"C7D9:048A:25EBF86:30C21C4:5FE614E8"}
[debug] [2020-12-25T16:35:53.604Z] >>> [apiv2][query] GET https://api.github.com/user [none]
[debug] [2020-12-25T16:35:54.496Z] <<< [apiv2][status] GET https://api.github.com/user 200
[debug] [2020-12-25T16:35:54.497Z] <<< [apiv2][body] GET https://api.github.com/user {"login":"i-tick","id":46849982,"node_id":"MDQ6VXNlcjQ2ODQ5OTgy","avatar_url":"https://avatars1.githubusercontent.com/u/46849982?v=4","gravatar_id":"","url":"https://api.github.com/users/i-tick","html_url":"https://github.com/i-tick","followers_url":"https://api.github.com/users/i-tick/followers","following_url":"https://api.github.com/users/i-tick/following{/other_user}","gists_url":"https://api.github.com/users/i-tick/gists{/gist_id}","starred_url":"https://api.github.com/users/i-tick/starred{/owner}{/repo}","subscriptions_url":"https://api.github.com/users/i-tick/subscriptions","organizations_url":"https://api.github.com/users/i-tick/orgs","repos_url":"https://api.github.com/users/i-tick/repos","events_url":"https://api.github.com/users/i-tick/events{/privacy}","received_events_url":"https://api.github.com/users/i-tick/received_events","type":"User","site_admin":false,"name":"AITIK DANDAPAT","company":"Robotics Society","blog":"vssutrobotics.in","location":"BURLA","email":"aitikdandapat@gmail.com","hireable":null,"bio":"Google Developer Student Club Lead 2020-2021 || CSE Undergrad at VSSUT BURLA || Technical Member of Robotics Society, and Enigma Club(Coding Club), VSSUT Burla","twitter_username":"AitikDandapat","public_repos":98,"public_gists":0,"followers":28,"following":20,"created_at":"2019-01-19T18:59:36Z","updated_at":"2020-12-25T16:35:51Z","private_gists":0,"total_private_repos":11,"owned_private_repos":6,"disk_usage":145148,"collaborators":1,"two_factor_authentication":false,"plan":{"name":"pro","space":976562499,"collaborators":0,"private_repos":9999}}
[info] 
[info] +  Success! Logged into GitHub as i-tick 
[info] 
[debug] [2020-12-25T16:36:03.312Z] >>> [apiv2][query] GET https://api.github.com/repos//actions/secrets/public-key type=owner
[debug] [2020-12-25T16:36:04.470Z] <<< [apiv2][status] GET https://api.github.com/repos//actions/secrets/public-key 404
[debug] [2020-12-25T16:36:04.470Z] <<< [apiv2][body] GET https://api.github.com/repos//actions/secrets/public-key {"message":"Not Found","documentation_url":"https://docs.github.com/rest"}
[debug] [2020-12-25T16:36:28.109Z] >>> [apiv2][query] GET https://api.github.com/repos//actions/secrets/public-key type=owner
[debug] [2020-12-25T16:36:29.209Z] <<< [apiv2][status] GET https://api.github.com/repos//actions/secrets/public-key 404
[debug] [2020-12-25T16:36:29.209Z] <<< [apiv2][body] GET https://api.github.com/repos//actions/secrets/public-key {"message":"Not Found","documentation_url":"https://docs.github.com/rest"}
[debug] [2020-12-25T16:36:32.178Z] >>> [apiv2][query] GET https://api.github.com/repos//actions/secrets/public-key type=owner
[debug] [2020-12-25T16:36:32.920Z] <<< [apiv2][status] GET https://api.github.com/repos//actions/secrets/public-key 404
[debug] [2020-12-25T16:36:32.920Z] <<< [apiv2][body] GET https://api.github.com/repos//actions/secrets/public-key {"message":"Not Found","documentation_url":"https://docs.github.com/rest"}
[debug] [2020-12-25T16:36:37.064Z] >>> [apiv2][query] GET https://api.github.com/repos//actions/secrets/public-key type=owner
[debug] [2020-12-25T16:36:37.813Z] <<< [apiv2][status] GET https://api.github.com/repos//actions/secrets/public-key 404
[debug] [2020-12-25T16:36:37.813Z] <<< [apiv2][body] GET https://api.github.com/repos//actions/secrets/public-key {"message":"Not Found","documentation_url":"https://docs.github.com/rest"}
